<?xml version="1.0" encoding="UTF-8"?>
<testng-results ignored="0" total="1" passed="1" failed="0" skipped="0">
  <reporter-output>
  </reporter-output>
  <suite started-at="2025-03-14T12:05:26 IST" name="Default suite" finished-at="2025-03-14T12:05:40 IST" duration-ms="14435">
    <groups>
    </groups>
    <test started-at="2025-03-14T12:05:26 IST" name="Default test" finished-at="2025-03-14T12:05:40 IST" duration-ms="14435">
      <class name="Divyalearning.tests.StandAlonetest">
        <test-method is-config="true" signature="launchApplication()[pri:0, instance:Divyalearning.tests.StandAlonetest@5a56cdac]" started-at="2025-03-14T12:05:26 IST" name="launchApplication" finished-at="2025-03-14T12:05:36 IST" duration-ms="10052" status="PASS">
          <reporter-output>
          </reporter-output>
        </test-method> <!-- launchApplication -->
        <test-method signature="submitOrder()[pri:0, instance:Divyalearning.tests.StandAlonetest@5a56cdac]" started-at="2025-03-14T12:05:36 IST" name="submitOrder" finished-at="2025-03-14T12:05:40 IST" duration-ms="4306" status="PASS">
          <reporter-output>
          </reporter-output>
        </test-method> <!-- submitOrder -->
        <test-method is-config="true" signature="close()[pri:0, instance:Divyalearning.tests.StandAlonetest@5a56cdac]" started-at="2025-03-14T12:05:40 IST" name="close" finished-at="2025-03-14T12:05:40 IST" duration-ms="39" status="PASS">
          <reporter-output>
          </reporter-output>
        </test-method> <!-- close -->
      </class> <!-- Divyalearning.tests.StandAlonetest -->
    </test> <!-- Default test -->
  </suite> <!-- Default suite -->
</testng-results>
